TimeQuest Timing Analyzer report for modelo
Wed Apr 18 14:28:38 2018
Quartus II 32-bit Version 11.1 Build 173 11/01/2011 SJ Web Edition


---------------------
; Table of Contents ;
---------------------
  1. Legal Notice
  2. TimeQuest Timing Analyzer Summary
  3. Parallel Compilation
  4. Clocks
  5. Slow Model Fmax Summary
  6. Slow Model Setup Summary
  7. Slow Model Hold Summary
  8. Slow Model Recovery Summary
  9. Slow Model Removal Summary
 10. Slow Model Minimum Pulse Width Summary
 11. Slow Model Setup: 'clk'
 12. Slow Model Hold: 'clk'
 13. Slow Model Minimum Pulse Width: 'clk'
 14. Setup Times
 15. Hold Times
 16. Clock to Output Times
 17. Minimum Clock to Output Times
 18. Propagation Delay
 19. Minimum Propagation Delay
 20. Fast Model Setup Summary
 21. Fast Model Hold Summary
 22. Fast Model Recovery Summary
 23. Fast Model Removal Summary
 24. Fast Model Minimum Pulse Width Summary
 25. Fast Model Setup: 'clk'
 26. Fast Model Hold: 'clk'
 27. Fast Model Minimum Pulse Width: 'clk'
 28. Setup Times
 29. Hold Times
 30. Clock to Output Times
 31. Minimum Clock to Output Times
 32. Propagation Delay
 33. Minimum Propagation Delay
 34. Multicorner Timing Analysis Summary
 35. Setup Times
 36. Hold Times
 37. Clock to Output Times
 38. Minimum Clock to Output Times
 39. Progagation Delay
 40. Minimum Progagation Delay
 41. Setup Transfers
 42. Hold Transfers
 43. Report TCCS
 44. Report RSKM
 45. Unconstrained Paths
 46. TimeQuest Timing Analyzer Messages



----------------
; Legal Notice ;
----------------
Copyright (C) 1991-2011 Altera Corporation
Your use of Altera Corporation's design tools, logic functions 
and other software and tools, and its AMPP partner logic 
functions, and any output files from any of the foregoing 
(including device programming or simulation files), and any 
associated documentation or information are expressly subject 
to the terms and conditions of the Altera Program License 
Subscription Agreement, Altera MegaCore Function License 
Agreement, or other applicable license agreement, including, 
without limitation, that your use is for the sole purpose of 
programming logic devices manufactured by Altera and sold by 
Altera or its authorized distributors.  Please refer to the 
applicable agreement for further details.



+-----------------------------------------------------------------------+
; TimeQuest Timing Analyzer Summary                                     ;
+--------------------+--------------------------------------------------+
; Quartus II Version ; Version 11.1 Build 173 11/01/2011 SJ Web Edition ;
; Revision Name      ; modelo                                           ;
; Device Family      ; Cyclone II                                       ;
; Device Name        ; EP2C5T144C6                                      ;
; Timing Models      ; Final                                            ;
; Delay Model        ; Combined                                         ;
; Rise/Fall Delays   ; Unavailable                                      ;
+--------------------+--------------------------------------------------+


Parallel compilation was disabled, but you have multiple processors available. Enable parallel compilation to reduce compilation time.
+-------------------------------------+
; Parallel Compilation                ;
+----------------------------+--------+
; Processors                 ; Number ;
+----------------------------+--------+
; Number detected on machine ; 4      ;
; Maximum allowed            ; 1      ;
+----------------------------+--------+


+---------------------------------------------------------------------------------------------------------------------------------------------------------------------------------+
; Clocks                                                                                                                                                                          ;
+------------+------+--------+------------+-------+-------+------------+-----------+-------------+-------+--------+-----------+------------+----------+--------+--------+---------+
; Clock Name ; Type ; Period ; Frequency  ; Rise  ; Fall  ; Duty Cycle ; Divide by ; Multiply by ; Phase ; Offset ; Edge List ; Edge Shift ; Inverted ; Master ; Source ; Targets ;
+------------+------+--------+------------+-------+-------+------------+-----------+-------------+-------+--------+-----------+------------+----------+--------+--------+---------+
; clk        ; Base ; 1.000  ; 1000.0 MHz ; 0.000 ; 0.500 ;            ;           ;             ;       ;        ;           ;            ;          ;        ;        ; { clk } ;
+------------+------+--------+------------+-------+-------+------------+-----------+-------------+-------+--------+-----------+------------+----------+--------+--------+---------+


+--------------------------------------------------+
; Slow Model Fmax Summary                          ;
+------------+-----------------+------------+------+
; Fmax       ; Restricted Fmax ; Clock Name ; Note ;
+------------+-----------------+------------+------+
; 375.66 MHz ; 375.66 MHz      ; clk        ;      ;
+------------+-----------------+------------+------+
This panel reports FMAX for every clock in the design, regardless of the user-specified clock periods.  FMAX is only computed for paths where the source and destination registers or ports are driven by the same clock.  Paths of different clocks, including generated clocks, are ignored.  For paths between a clock and its inversion, FMAX is computed as if the rising and falling edges are scaled along with FMAX, such that the duty cycle (in terms of a percentage) is maintained. Altera recommends that you always use clock constraints and other slack reports for sign-off analysis.


+--------------------------------+
; Slow Model Setup Summary       ;
+-------+--------+---------------+
; Clock ; Slack  ; End Point TNS ;
+-------+--------+---------------+
; clk   ; -1.662 ; -5.692        ;
+-------+--------+---------------+


+-------------------------------+
; Slow Model Hold Summary       ;
+-------+-------+---------------+
; Clock ; Slack ; End Point TNS ;
+-------+-------+---------------+
; clk   ; 1.737 ; 0.000         ;
+-------+-------+---------------+


-------------------------------
; Slow Model Recovery Summary ;
-------------------------------
No paths to report.


------------------------------
; Slow Model Removal Summary ;
------------------------------
No paths to report.


+----------------------------------------+
; Slow Model Minimum Pulse Width Summary ;
+-------+--------+-----------------------+
; Clock ; Slack  ; End Point TNS         ;
+-------+--------+-----------------------+
; clk   ; -1.380 ; -5.380                ;
+-------+--------+-----------------------+


+--------------------------------------------------------------------------------------------------------------+
; Slow Model Setup: 'clk'                                                                                      ;
+--------+---------------+---------------+--------------+-------------+--------------+------------+------------+
; Slack  ; From Node     ; To Node       ; Launch Clock ; Latch Clock ; Relationship ; Clock Skew ; Data Delay ;
+--------+---------------+---------------+--------------+-------------+--------------+------------+------------+
; -1.662 ; acc:acc1|q[0] ; acc:acc1|q[1] ; clk          ; clk         ; 1.000        ; 0.000      ; 2.698      ;
; -1.628 ; acc:acc1|q[0] ; acc:acc1|q[3] ; clk          ; clk         ; 1.000        ; 0.000      ; 2.664      ;
; -1.549 ; acc:acc1|q[1] ; acc:acc1|q[3] ; clk          ; clk         ; 1.000        ; 0.000      ; 2.585      ;
; -1.480 ; acc:acc1|q[2] ; acc:acc1|q[3] ; clk          ; clk         ; 1.000        ; 0.000      ; 2.516      ;
; -1.431 ; acc:acc1|q[0] ; acc:acc1|q[2] ; clk          ; clk         ; 1.000        ; 0.000      ; 2.467      ;
; -1.352 ; acc:acc1|q[1] ; acc:acc1|q[2] ; clk          ; clk         ; 1.000        ; 0.000      ; 2.388      ;
; -1.271 ; acc:acc1|q[1] ; acc:acc1|q[1] ; clk          ; clk         ; 1.000        ; 0.000      ; 2.307      ;
; -1.097 ; acc:acc1|q[3] ; acc:acc1|q[3] ; clk          ; clk         ; 1.000        ; 0.000      ; 2.133      ;
; -0.971 ; acc:acc1|q[0] ; acc:acc1|q[0] ; clk          ; clk         ; 1.000        ; 0.000      ; 2.007      ;
; -0.967 ; acc:acc1|q[2] ; acc:acc1|q[2] ; clk          ; clk         ; 1.000        ; 0.000      ; 2.003      ;
+--------+---------------+---------------+--------------+-------------+--------------+------------+------------+


+-------------------------------------------------------------------------------------------------------------+
; Slow Model Hold: 'clk'                                                                                      ;
+-------+---------------+---------------+--------------+-------------+--------------+------------+------------+
; Slack ; From Node     ; To Node       ; Launch Clock ; Latch Clock ; Relationship ; Clock Skew ; Data Delay ;
+-------+---------------+---------------+--------------+-------------+--------------+------------+------------+
; 1.737 ; acc:acc1|q[2] ; acc:acc1|q[2] ; clk          ; clk         ; 0.000        ; 0.000      ; 2.003      ;
; 1.741 ; acc:acc1|q[0] ; acc:acc1|q[0] ; clk          ; clk         ; 0.000        ; 0.000      ; 2.007      ;
; 1.867 ; acc:acc1|q[3] ; acc:acc1|q[3] ; clk          ; clk         ; 0.000        ; 0.000      ; 2.133      ;
; 2.041 ; acc:acc1|q[1] ; acc:acc1|q[1] ; clk          ; clk         ; 0.000        ; 0.000      ; 2.307      ;
; 2.122 ; acc:acc1|q[1] ; acc:acc1|q[2] ; clk          ; clk         ; 0.000        ; 0.000      ; 2.388      ;
; 2.201 ; acc:acc1|q[0] ; acc:acc1|q[2] ; clk          ; clk         ; 0.000        ; 0.000      ; 2.467      ;
; 2.250 ; acc:acc1|q[2] ; acc:acc1|q[3] ; clk          ; clk         ; 0.000        ; 0.000      ; 2.516      ;
; 2.319 ; acc:acc1|q[1] ; acc:acc1|q[3] ; clk          ; clk         ; 0.000        ; 0.000      ; 2.585      ;
; 2.398 ; acc:acc1|q[0] ; acc:acc1|q[3] ; clk          ; clk         ; 0.000        ; 0.000      ; 2.664      ;
; 2.432 ; acc:acc1|q[0] ; acc:acc1|q[1] ; clk          ; clk         ; 0.000        ; 0.000      ; 2.698      ;
+-------+---------------+---------------+--------------+-------------+--------------+------------+------------+


+-------------------------------------------------------------------------------------------------------+
; Slow Model Minimum Pulse Width: 'clk'                                                                 ;
+--------+--------------+----------------+------------------+-------+------------+----------------------+
; Slack  ; Actual Width ; Required Width ; Type             ; Clock ; Clock Edge ; Target               ;
+--------+--------------+----------------+------------------+-------+------------+----------------------+
; -1.380 ; 1.000        ; 2.380          ; Port Rate        ; clk   ; Rise       ; clk                  ;
; -0.500 ; 0.500        ; 1.000          ; High Pulse Width ; clk   ; Rise       ; acc:acc1|q[0]        ;
; -0.500 ; 0.500        ; 1.000          ; Low Pulse Width  ; clk   ; Rise       ; acc:acc1|q[0]        ;
; -0.500 ; 0.500        ; 1.000          ; High Pulse Width ; clk   ; Rise       ; acc:acc1|q[1]        ;
; -0.500 ; 0.500        ; 1.000          ; Low Pulse Width  ; clk   ; Rise       ; acc:acc1|q[1]        ;
; -0.500 ; 0.500        ; 1.000          ; High Pulse Width ; clk   ; Rise       ; acc:acc1|q[2]        ;
; -0.500 ; 0.500        ; 1.000          ; Low Pulse Width  ; clk   ; Rise       ; acc:acc1|q[2]        ;
; -0.500 ; 0.500        ; 1.000          ; High Pulse Width ; clk   ; Rise       ; acc:acc1|q[3]        ;
; -0.500 ; 0.500        ; 1.000          ; Low Pulse Width  ; clk   ; Rise       ; acc:acc1|q[3]        ;
; 0.500  ; 0.500        ; 0.000          ; High Pulse Width ; clk   ; Rise       ; acc1|q[0]|clk        ;
; 0.500  ; 0.500        ; 0.000          ; Low Pulse Width  ; clk   ; Rise       ; acc1|q[0]|clk        ;
; 0.500  ; 0.500        ; 0.000          ; High Pulse Width ; clk   ; Rise       ; acc1|q[1]|clk        ;
; 0.500  ; 0.500        ; 0.000          ; Low Pulse Width  ; clk   ; Rise       ; acc1|q[1]|clk        ;
; 0.500  ; 0.500        ; 0.000          ; High Pulse Width ; clk   ; Rise       ; acc1|q[2]|clk        ;
; 0.500  ; 0.500        ; 0.000          ; Low Pulse Width  ; clk   ; Rise       ; acc1|q[2]|clk        ;
; 0.500  ; 0.500        ; 0.000          ; High Pulse Width ; clk   ; Rise       ; acc1|q[3]|clk        ;
; 0.500  ; 0.500        ; 0.000          ; Low Pulse Width  ; clk   ; Rise       ; acc1|q[3]|clk        ;
; 0.500  ; 0.500        ; 0.000          ; High Pulse Width ; clk   ; Rise       ; clk|combout          ;
; 0.500  ; 0.500        ; 0.000          ; Low Pulse Width  ; clk   ; Rise       ; clk|combout          ;
; 0.500  ; 0.500        ; 0.000          ; High Pulse Width ; clk   ; Rise       ; clk~clkctrl|inclk[0] ;
; 0.500  ; 0.500        ; 0.000          ; Low Pulse Width  ; clk   ; Rise       ; clk~clkctrl|inclk[0] ;
; 0.500  ; 0.500        ; 0.000          ; High Pulse Width ; clk   ; Rise       ; clk~clkctrl|outclk   ;
; 0.500  ; 0.500        ; 0.000          ; Low Pulse Width  ; clk   ; Rise       ; clk~clkctrl|outclk   ;
+--------+--------------+----------------+------------------+-------+------------+----------------------+


+-----------------------------------------------------------------------+
; Setup Times                                                           ;
+-----------+------------+-------+-------+------------+-----------------+
; Data Port ; Clock Port ; Rise  ; Fall  ; Clock Edge ; Clock Reference ;
+-----------+------------+-------+-------+------------+-----------------+
; A[*]      ; clk        ; 6.576 ; 6.576 ; Rise       ; clk             ;
;  A[0]     ; clk        ; 2.701 ; 2.701 ; Rise       ; clk             ;
;  A[1]     ; clk        ; 6.576 ; 6.576 ; Rise       ; clk             ;
;  A[2]     ; clk        ; 6.404 ; 6.404 ; Rise       ; clk             ;
;  A[3]     ; clk        ; 6.051 ; 6.051 ; Rise       ; clk             ;
; sel0      ; clk        ; 2.448 ; 2.448 ; Rise       ; clk             ;
; sel1      ; clk        ; 4.613 ; 4.613 ; Rise       ; clk             ;
+-----------+------------+-------+-------+------------+-----------------+


+-------------------------------------------------------------------------+
; Hold Times                                                              ;
+-----------+------------+--------+--------+------------+-----------------+
; Data Port ; Clock Port ; Rise   ; Fall   ; Clock Edge ; Clock Reference ;
+-----------+------------+--------+--------+------------+-----------------+
; A[*]      ; clk        ; -0.100 ; -0.100 ; Rise       ; clk             ;
;  A[0]     ; clk        ; -0.100 ; -0.100 ; Rise       ; clk             ;
;  A[1]     ; clk        ; -4.652 ; -4.652 ; Rise       ; clk             ;
;  A[2]     ; clk        ; -4.708 ; -4.708 ; Rise       ; clk             ;
;  A[3]     ; clk        ; -4.405 ; -4.405 ; Rise       ; clk             ;
; sel0      ; clk        ; -0.181 ; -0.181 ; Rise       ; clk             ;
; sel1      ; clk        ; -4.280 ; -4.280 ; Rise       ; clk             ;
+-----------+------------+--------+--------+------------+-----------------+


+--------------------------------------------------------------------------+
; Clock to Output Times                                                    ;
+--------------+------------+-------+-------+------------+-----------------+
; Data Port    ; Clock Port ; Rise  ; Fall  ; Clock Edge ; Clock Reference ;
+--------------+------------+-------+-------+------------+-----------------+
; S[*]         ; clk        ; 8.074 ; 8.074 ; Rise       ; clk             ;
;  S[0]        ; clk        ; 7.512 ; 7.512 ; Rise       ; clk             ;
;  S[1]        ; clk        ; 8.040 ; 8.040 ; Rise       ; clk             ;
;  S[2]        ; clk        ; 8.074 ; 8.074 ; Rise       ; clk             ;
;  S[3]        ; clk        ; 8.021 ; 8.021 ; Rise       ; clk             ;
; somador_cout ; clk        ; 7.649 ; 7.649 ; Rise       ; clk             ;
+--------------+------------+-------+-------+------------+-----------------+


+--------------------------------------------------------------------------+
; Minimum Clock to Output Times                                            ;
+--------------+------------+-------+-------+------------+-----------------+
; Data Port    ; Clock Port ; Rise  ; Fall  ; Clock Edge ; Clock Reference ;
+--------------+------------+-------+-------+------------+-----------------+
; S[*]         ; clk        ; 7.490 ; 7.490 ; Rise       ; clk             ;
;  S[0]        ; clk        ; 7.512 ; 7.512 ; Rise       ; clk             ;
;  S[1]        ; clk        ; 7.649 ; 7.649 ; Rise       ; clk             ;
;  S[2]        ; clk        ; 7.610 ; 7.610 ; Rise       ; clk             ;
;  S[3]        ; clk        ; 7.490 ; 7.490 ; Rise       ; clk             ;
; somador_cout ; clk        ; 7.430 ; 7.430 ; Rise       ; clk             ;
+--------------+------------+-------+-------+------------+-----------------+


+---------------------------------------------------------------+
; Propagation Delay                                             ;
+------------+--------------+--------+--------+--------+--------+
; Input Port ; Output Port  ; RR     ; RF     ; FR     ; FF     ;
+------------+--------------+--------+--------+--------+--------+
; A[0]       ; S[0]         ; 7.552  ; 7.552  ; 7.552  ; 7.552  ;
; A[0]       ; S[1]         ; 8.079  ; 8.079  ; 8.079  ; 8.079  ;
; A[0]       ; S[2]         ; 8.113  ; 8.113  ; 8.113  ; 8.113  ;
; A[0]       ; S[3]         ; 8.060  ; 8.060  ; 8.060  ; 8.060  ;
; A[0]       ; somador_cout ; 7.688  ; 7.688  ; 7.688  ; 7.688  ;
; A[1]       ; S[1]         ; 11.673 ; 11.673 ; 11.673 ; 11.673 ;
; A[1]       ; S[2]         ; 12.022 ; 12.022 ; 12.022 ; 12.022 ;
; A[1]       ; S[3]         ; 11.969 ; 11.969 ; 11.969 ; 11.969 ;
; A[1]       ; somador_cout ; 11.597 ; 11.597 ; 11.597 ; 11.597 ;
; A[2]       ; S[2]         ; 11.535 ; 11.535 ; 11.535 ; 11.535 ;
; A[2]       ; S[3]         ; 11.797 ; 11.797 ; 11.797 ; 11.797 ;
; A[2]       ; somador_cout ; 11.425 ; 11.425 ; 11.425 ; 11.425 ;
; A[3]       ; S[3]         ; 11.444 ; 11.444 ; 11.444 ; 11.444 ;
; A[3]       ; somador_cout ; 11.387 ; 11.387 ; 11.387 ; 11.387 ;
; sel0       ; S[0]         ; 7.246  ; 7.246  ; 7.246  ; 7.246  ;
; sel0       ; S[1]         ; 7.773  ; 7.773  ; 7.773  ; 7.773  ;
; sel0       ; S[2]         ; 7.894  ; 7.894  ; 7.894  ; 7.894  ;
; sel0       ; S[3]         ; 7.841  ; 7.841  ; 7.841  ; 7.841  ;
; sel0       ; somador_cout ; 7.469  ; 7.469  ; 7.469  ; 7.469  ;
; sel1       ; S[0]         ; 10.150 ; 10.150 ; 10.150 ; 10.150 ;
; sel1       ; S[1]         ; 9.888  ; 9.888  ; 9.888  ; 9.888  ;
; sel1       ; S[2]         ; 10.256 ; 10.256 ; 10.256 ; 10.256 ;
; sel1       ; S[3]         ; 10.001 ; 10.001 ; 10.001 ; 10.001 ;
+------------+--------------+--------+--------+--------+--------+


+---------------------------------------------------------------+
; Minimum Propagation Delay                                     ;
+------------+--------------+--------+--------+--------+--------+
; Input Port ; Output Port  ; RR     ; RF     ; FR     ; FF     ;
+------------+--------------+--------+--------+--------+--------+
; A[0]       ; S[0]         ; 5.871  ; 5.871  ; 5.871  ; 5.871  ;
; A[0]       ; S[1]         ; 8.079  ; 8.079  ; 8.079  ; 8.079  ;
; A[0]       ; S[2]         ; 8.113  ; 8.113  ; 8.113  ; 8.113  ;
; A[0]       ; S[3]         ; 8.060  ; 8.060  ; 8.060  ; 8.060  ;
; A[0]       ; somador_cout ; 7.688  ; 7.688  ; 7.688  ; 7.688  ;
; A[1]       ; S[1]         ; 10.260 ; 10.260 ; 10.260 ; 10.260 ;
; A[1]       ; S[2]         ; 12.022 ; 12.022 ; 12.022 ; 12.022 ;
; A[1]       ; S[3]         ; 11.969 ; 11.969 ; 11.969 ; 11.969 ;
; A[1]       ; somador_cout ; 11.597 ; 11.597 ; 11.597 ; 11.597 ;
; A[2]       ; S[2]         ; 10.581 ; 10.581 ; 10.581 ; 10.581 ;
; A[2]       ; S[3]         ; 11.797 ; 11.797 ; 11.797 ; 11.797 ;
; A[2]       ; somador_cout ; 11.425 ; 11.425 ; 11.425 ; 11.425 ;
; A[3]       ; S[3]         ; 10.028 ; 10.028 ; 10.028 ; 10.028 ;
; A[3]       ; somador_cout ; 11.387 ; 11.387 ; 11.387 ; 11.387 ;
; sel0       ; S[0]         ; 6.120  ; 6.120  ; 6.120  ; 6.120  ;
; sel0       ; S[1]         ; 6.134  ; 6.134  ; 6.134  ; 6.134  ;
; sel0       ; S[2]         ; 6.054  ; 6.054  ; 6.054  ; 6.054  ;
; sel0       ; S[3]         ; 5.972  ; 5.972  ; 5.972  ; 5.972  ;
; sel0       ; somador_cout ; 6.720  ; 7.338  ; 7.338  ; 6.720  ;
; sel1       ; S[0]         ; 10.150 ; 10.150 ; 10.150 ; 10.150 ;
; sel1       ; S[1]         ; 9.888  ; 9.888  ; 9.888  ; 9.888  ;
; sel1       ; S[2]         ; 10.256 ; 10.256 ; 10.256 ; 10.256 ;
; sel1       ; S[3]         ; 10.001 ; 10.001 ; 10.001 ; 10.001 ;
+------------+--------------+--------+--------+--------+--------+


+--------------------------------+
; Fast Model Setup Summary       ;
+-------+--------+---------------+
; Clock ; Slack  ; End Point TNS ;
+-------+--------+---------------+
; clk   ; -0.166 ; -0.404        ;
+-------+--------+---------------+


+-------------------------------+
; Fast Model Hold Summary       ;
+-------+-------+---------------+
; Clock ; Slack ; End Point TNS ;
+-------+-------+---------------+
; clk   ; 0.780 ; 0.000         ;
+-------+-------+---------------+


-------------------------------
; Fast Model Recovery Summary ;
-------------------------------
No paths to report.


------------------------------
; Fast Model Removal Summary ;
------------------------------
No paths to report.


+----------------------------------------+
; Fast Model Minimum Pulse Width Summary ;
+-------+--------+-----------------------+
; Clock ; Slack  ; End Point TNS         ;
+-------+--------+-----------------------+
; clk   ; -1.380 ; -5.380                ;
+-------+--------+-----------------------+


+--------------------------------------------------------------------------------------------------------------+
; Fast Model Setup: 'clk'                                                                                      ;
+--------+---------------+---------------+--------------+-------------+--------------+------------+------------+
; Slack  ; From Node     ; To Node       ; Launch Clock ; Latch Clock ; Relationship ; Clock Skew ; Data Delay ;
+--------+---------------+---------------+--------------+-------------+--------------+------------+------------+
; -0.166 ; acc:acc1|q[0] ; acc:acc1|q[1] ; clk          ; clk         ; 1.000        ; 0.000      ; 1.198      ;
; -0.159 ; acc:acc1|q[0] ; acc:acc1|q[3] ; clk          ; clk         ; 1.000        ; 0.000      ; 1.191      ;
; -0.118 ; acc:acc1|q[1] ; acc:acc1|q[3] ; clk          ; clk         ; 1.000        ; 0.000      ; 1.150      ;
; -0.083 ; acc:acc1|q[2] ; acc:acc1|q[3] ; clk          ; clk         ; 1.000        ; 0.000      ; 1.115      ;
; -0.079 ; acc:acc1|q[0] ; acc:acc1|q[2] ; clk          ; clk         ; 1.000        ; 0.000      ; 1.111      ;
; -0.038 ; acc:acc1|q[1] ; acc:acc1|q[2] ; clk          ; clk         ; 1.000        ; 0.000      ; 1.070      ;
; -0.022 ; acc:acc1|q[1] ; acc:acc1|q[1] ; clk          ; clk         ; 1.000        ; 0.000      ; 1.054      ;
; 0.055  ; acc:acc1|q[3] ; acc:acc1|q[3] ; clk          ; clk         ; 1.000        ; 0.000      ; 0.977      ;
; 0.096  ; acc:acc1|q[0] ; acc:acc1|q[0] ; clk          ; clk         ; 1.000        ; 0.000      ; 0.936      ;
; 0.100  ; acc:acc1|q[2] ; acc:acc1|q[2] ; clk          ; clk         ; 1.000        ; 0.000      ; 0.932      ;
+--------+---------------+---------------+--------------+-------------+--------------+------------+------------+


+-------------------------------------------------------------------------------------------------------------+
; Fast Model Hold: 'clk'                                                                                      ;
+-------+---------------+---------------+--------------+-------------+--------------+------------+------------+
; Slack ; From Node     ; To Node       ; Launch Clock ; Latch Clock ; Relationship ; Clock Skew ; Data Delay ;
+-------+---------------+---------------+--------------+-------------+--------------+------------+------------+
; 0.780 ; acc:acc1|q[2] ; acc:acc1|q[2] ; clk          ; clk         ; 0.000        ; 0.000      ; 0.932      ;
; 0.784 ; acc:acc1|q[0] ; acc:acc1|q[0] ; clk          ; clk         ; 0.000        ; 0.000      ; 0.936      ;
; 0.825 ; acc:acc1|q[3] ; acc:acc1|q[3] ; clk          ; clk         ; 0.000        ; 0.000      ; 0.977      ;
; 0.902 ; acc:acc1|q[1] ; acc:acc1|q[1] ; clk          ; clk         ; 0.000        ; 0.000      ; 1.054      ;
; 0.918 ; acc:acc1|q[1] ; acc:acc1|q[2] ; clk          ; clk         ; 0.000        ; 0.000      ; 1.070      ;
; 0.959 ; acc:acc1|q[0] ; acc:acc1|q[2] ; clk          ; clk         ; 0.000        ; 0.000      ; 1.111      ;
; 0.963 ; acc:acc1|q[2] ; acc:acc1|q[3] ; clk          ; clk         ; 0.000        ; 0.000      ; 1.115      ;
; 0.998 ; acc:acc1|q[1] ; acc:acc1|q[3] ; clk          ; clk         ; 0.000        ; 0.000      ; 1.150      ;
; 1.039 ; acc:acc1|q[0] ; acc:acc1|q[3] ; clk          ; clk         ; 0.000        ; 0.000      ; 1.191      ;
; 1.046 ; acc:acc1|q[0] ; acc:acc1|q[1] ; clk          ; clk         ; 0.000        ; 0.000      ; 1.198      ;
+-------+---------------+---------------+--------------+-------------+--------------+------------+------------+


+-------------------------------------------------------------------------------------------------------+
; Fast Model Minimum Pulse Width: 'clk'                                                                 ;
+--------+--------------+----------------+------------------+-------+------------+----------------------+
; Slack  ; Actual Width ; Required Width ; Type             ; Clock ; Clock Edge ; Target               ;
+--------+--------------+----------------+------------------+-------+------------+----------------------+
; -1.380 ; 1.000        ; 2.380          ; Port Rate        ; clk   ; Rise       ; clk                  ;
; -0.500 ; 0.500        ; 1.000          ; High Pulse Width ; clk   ; Rise       ; acc:acc1|q[0]        ;
; -0.500 ; 0.500        ; 1.000          ; Low Pulse Width  ; clk   ; Rise       ; acc:acc1|q[0]        ;
; -0.500 ; 0.500        ; 1.000          ; High Pulse Width ; clk   ; Rise       ; acc:acc1|q[1]        ;
; -0.500 ; 0.500        ; 1.000          ; Low Pulse Width  ; clk   ; Rise       ; acc:acc1|q[1]        ;
; -0.500 ; 0.500        ; 1.000          ; High Pulse Width ; clk   ; Rise       ; acc:acc1|q[2]        ;
; -0.500 ; 0.500        ; 1.000          ; Low Pulse Width  ; clk   ; Rise       ; acc:acc1|q[2]        ;
; -0.500 ; 0.500        ; 1.000          ; High Pulse Width ; clk   ; Rise       ; acc:acc1|q[3]        ;
; -0.500 ; 0.500        ; 1.000          ; Low Pulse Width  ; clk   ; Rise       ; acc:acc1|q[3]        ;
; 0.500  ; 0.500        ; 0.000          ; High Pulse Width ; clk   ; Rise       ; acc1|q[0]|clk        ;
; 0.500  ; 0.500        ; 0.000          ; Low Pulse Width  ; clk   ; Rise       ; acc1|q[0]|clk        ;
; 0.500  ; 0.500        ; 0.000          ; High Pulse Width ; clk   ; Rise       ; acc1|q[1]|clk        ;
; 0.500  ; 0.500        ; 0.000          ; Low Pulse Width  ; clk   ; Rise       ; acc1|q[1]|clk        ;
; 0.500  ; 0.500        ; 0.000          ; High Pulse Width ; clk   ; Rise       ; acc1|q[2]|clk        ;
; 0.500  ; 0.500        ; 0.000          ; Low Pulse Width  ; clk   ; Rise       ; acc1|q[2]|clk        ;
; 0.500  ; 0.500        ; 0.000          ; High Pulse Width ; clk   ; Rise       ; acc1|q[3]|clk        ;
; 0.500  ; 0.500        ; 0.000          ; Low Pulse Width  ; clk   ; Rise       ; acc1|q[3]|clk        ;
; 0.500  ; 0.500        ; 0.000          ; High Pulse Width ; clk   ; Rise       ; clk|combout          ;
; 0.500  ; 0.500        ; 0.000          ; Low Pulse Width  ; clk   ; Rise       ; clk|combout          ;
; 0.500  ; 0.500        ; 0.000          ; High Pulse Width ; clk   ; Rise       ; clk~clkctrl|inclk[0] ;
; 0.500  ; 0.500        ; 0.000          ; Low Pulse Width  ; clk   ; Rise       ; clk~clkctrl|inclk[0] ;
; 0.500  ; 0.500        ; 0.000          ; High Pulse Width ; clk   ; Rise       ; clk~clkctrl|outclk   ;
; 0.500  ; 0.500        ; 0.000          ; Low Pulse Width  ; clk   ; Rise       ; clk~clkctrl|outclk   ;
+--------+--------------+----------------+------------------+-------+------------+----------------------+


+-----------------------------------------------------------------------+
; Setup Times                                                           ;
+-----------+------------+-------+-------+------------+-----------------+
; Data Port ; Clock Port ; Rise  ; Fall  ; Clock Edge ; Clock Reference ;
+-----------+------------+-------+-------+------------+-----------------+
; A[*]      ; clk        ; 3.287 ; 3.287 ; Rise       ; clk             ;
;  A[0]     ; clk        ; 0.866 ; 0.866 ; Rise       ; clk             ;
;  A[1]     ; clk        ; 3.287 ; 3.287 ; Rise       ; clk             ;
;  A[2]     ; clk        ; 3.225 ; 3.225 ; Rise       ; clk             ;
;  A[3]     ; clk        ; 3.091 ; 3.091 ; Rise       ; clk             ;
; sel0      ; clk        ; 0.768 ; 0.768 ; Rise       ; clk             ;
; sel1      ; clk        ; 2.516 ; 2.516 ; Rise       ; clk             ;
+-----------+------------+-------+-------+------------+-----------------+


+-------------------------------------------------------------------------+
; Hold Times                                                              ;
+-----------+------------+--------+--------+------------+-----------------+
; Data Port ; Clock Port ; Rise   ; Fall   ; Clock Edge ; Clock Reference ;
+-----------+------------+--------+--------+------------+-----------------+
; A[*]      ; clk        ; 0.236  ; 0.236  ; Rise       ; clk             ;
;  A[0]     ; clk        ; 0.236  ; 0.236  ; Rise       ; clk             ;
;  A[1]     ; clk        ; -2.479 ; -2.479 ; Rise       ; clk             ;
;  A[2]     ; clk        ; -2.507 ; -2.507 ; Rise       ; clk             ;
;  A[3]     ; clk        ; -2.384 ; -2.384 ; Rise       ; clk             ;
; sel0      ; clk        ; 0.188  ; 0.188  ; Rise       ; clk             ;
; sel1      ; clk        ; -2.353 ; -2.353 ; Rise       ; clk             ;
+-----------+------------+--------+--------+------------+-----------------+


+--------------------------------------------------------------------------+
; Clock to Output Times                                                    ;
+--------------+------------+-------+-------+------------+-----------------+
; Data Port    ; Clock Port ; Rise  ; Fall  ; Clock Edge ; Clock Reference ;
+--------------+------------+-------+-------+------------+-----------------+
; S[*]         ; clk        ; 4.258 ; 4.258 ; Rise       ; clk             ;
;  S[0]        ; clk        ; 3.999 ; 3.999 ; Rise       ; clk             ;
;  S[1]        ; clk        ; 4.191 ; 4.191 ; Rise       ; clk             ;
;  S[2]        ; clk        ; 4.258 ; 4.258 ; Rise       ; clk             ;
;  S[3]        ; clk        ; 4.186 ; 4.186 ; Rise       ; clk             ;
; somador_cout ; clk        ; 4.113 ; 4.113 ; Rise       ; clk             ;
+--------------+------------+-------+-------+------------+-----------------+


+--------------------------------------------------------------------------+
; Minimum Clock to Output Times                                            ;
+--------------+------------+-------+-------+------------+-----------------+
; Data Port    ; Clock Port ; Rise  ; Fall  ; Clock Edge ; Clock Reference ;
+--------------+------------+-------+-------+------------+-----------------+
; S[*]         ; clk        ; 3.972 ; 3.972 ; Rise       ; clk             ;
;  S[0]        ; clk        ; 3.999 ; 3.999 ; Rise       ; clk             ;
;  S[1]        ; clk        ; 4.047 ; 4.047 ; Rise       ; clk             ;
;  S[2]        ; clk        ; 4.079 ; 4.079 ; Rise       ; clk             ;
;  S[3]        ; clk        ; 3.972 ; 3.972 ; Rise       ; clk             ;
; somador_cout ; clk        ; 4.002 ; 4.002 ; Rise       ; clk             ;
+--------------+------------+-------+-------+------------+-----------------+


+-----------------------------------------------------------+
; Propagation Delay                                         ;
+------------+--------------+-------+-------+-------+-------+
; Input Port ; Output Port  ; RR    ; RF    ; FR    ; FF    ;
+------------+--------------+-------+-------+-------+-------+
; A[0]       ; S[0]         ; 3.697 ; 3.697 ; 3.697 ; 3.697 ;
; A[0]       ; S[1]         ; 3.891 ; 3.891 ; 3.891 ; 3.891 ;
; A[0]       ; S[2]         ; 3.958 ; 3.958 ; 3.958 ; 3.958 ;
; A[0]       ; S[3]         ; 3.886 ; 3.886 ; 3.886 ; 3.886 ;
; A[0]       ; somador_cout ; 3.813 ; 3.813 ; 3.813 ; 3.813 ;
; A[1]       ; S[1]         ; 6.214 ; 6.214 ; 6.214 ; 6.214 ;
; A[1]       ; S[2]         ; 6.386 ; 6.386 ; 6.386 ; 6.386 ;
; A[1]       ; S[3]         ; 6.314 ; 6.314 ; 6.314 ; 6.314 ;
; A[1]       ; somador_cout ; 6.241 ; 6.241 ; 6.241 ; 6.241 ;
; A[2]       ; S[2]         ; 6.219 ; 6.219 ; 6.219 ; 6.219 ;
; A[2]       ; S[3]         ; 6.252 ; 6.252 ; 6.252 ; 6.252 ;
; A[2]       ; somador_cout ; 6.179 ; 6.179 ; 6.179 ; 6.179 ;
; A[3]       ; S[3]         ; 6.118 ; 6.118 ; 6.118 ; 6.118 ;
; A[3]       ; somador_cout ; 6.150 ; 6.150 ; 6.150 ; 6.150 ;
; sel0       ; S[0]         ; 3.569 ; 3.569 ; 3.569 ; 3.569 ;
; sel0       ; S[1]         ; 3.763 ; 3.763 ; 3.763 ; 3.763 ;
; sel0       ; S[2]         ; 3.867 ; 3.867 ; 3.867 ; 3.867 ;
; sel0       ; S[3]         ; 3.795 ; 3.795 ; 3.795 ; 3.795 ;
; sel0       ; somador_cout ; 3.722 ; 3.722 ; 3.722 ; 3.722 ;
; sel1       ; S[0]         ; 5.609 ; 5.609 ; 5.609 ; 5.609 ;
; sel1       ; S[1]         ; 5.498 ; 5.498 ; 5.498 ; 5.498 ;
; sel1       ; S[2]         ; 5.695 ; 5.695 ; 5.695 ; 5.695 ;
; sel1       ; S[3]         ; 5.540 ; 5.540 ; 5.540 ; 5.540 ;
+------------+--------------+-------+-------+-------+-------+


+-----------------------------------------------------------+
; Minimum Propagation Delay                                 ;
+------------+--------------+-------+-------+-------+-------+
; Input Port ; Output Port  ; RR    ; RF    ; FR    ; FF    ;
+------------+--------------+-------+-------+-------+-------+
; A[0]       ; S[0]         ; 2.979 ; 2.979 ; 2.979 ; 2.979 ;
; A[0]       ; S[1]         ; 3.891 ; 3.891 ; 3.891 ; 3.891 ;
; A[0]       ; S[2]         ; 3.958 ; 3.958 ; 3.958 ; 3.958 ;
; A[0]       ; S[3]         ; 3.886 ; 3.886 ; 3.886 ; 3.886 ;
; A[0]       ; somador_cout ; 3.813 ; 3.813 ; 3.813 ; 3.813 ;
; A[1]       ; S[1]         ; 5.624 ; 5.624 ; 5.624 ; 5.624 ;
; A[1]       ; S[2]         ; 6.386 ; 6.386 ; 6.386 ; 6.386 ;
; A[1]       ; S[3]         ; 6.314 ; 6.314 ; 6.314 ; 6.314 ;
; A[1]       ; somador_cout ; 6.241 ; 6.241 ; 6.241 ; 6.241 ;
; A[2]       ; S[2]         ; 5.806 ; 5.806 ; 5.806 ; 5.806 ;
; A[2]       ; S[3]         ; 6.252 ; 6.252 ; 6.252 ; 6.252 ;
; A[2]       ; somador_cout ; 6.179 ; 6.179 ; 6.179 ; 6.179 ;
; A[3]       ; S[3]         ; 5.531 ; 5.531 ; 5.531 ; 5.531 ;
; A[3]       ; somador_cout ; 6.150 ; 6.150 ; 6.150 ; 6.150 ;
; sel0       ; S[0]         ; 3.103 ; 3.103 ; 3.103 ; 3.103 ;
; sel0       ; S[1]         ; 3.109 ; 3.109 ; 3.109 ; 3.109 ;
; sel0       ; S[2]         ; 3.111 ; 3.111 ; 3.111 ; 3.111 ;
; sel0       ; S[3]         ; 3.035 ; 3.035 ; 3.035 ; 3.035 ;
; sel0       ; somador_cout ; 3.414 ; 3.661 ; 3.661 ; 3.414 ;
; sel1       ; S[0]         ; 5.609 ; 5.609 ; 5.609 ; 5.609 ;
; sel1       ; S[1]         ; 5.498 ; 5.498 ; 5.498 ; 5.498 ;
; sel1       ; S[2]         ; 5.695 ; 5.695 ; 5.695 ; 5.695 ;
; sel1       ; S[3]         ; 5.540 ; 5.540 ; 5.540 ; 5.540 ;
+------------+--------------+-------+-------+-------+-------+


+------------------------------------------------------------------------------+
; Multicorner Timing Analysis Summary                                          ;
+------------------+--------+-------+----------+---------+---------------------+
; Clock            ; Setup  ; Hold  ; Recovery ; Removal ; Minimum Pulse Width ;
+------------------+--------+-------+----------+---------+---------------------+
; Worst-case Slack ; -1.662 ; 0.780 ; N/A      ; N/A     ; -1.380              ;
;  clk             ; -1.662 ; 0.780 ; N/A      ; N/A     ; -1.380              ;
; Design-wide TNS  ; -5.692 ; 0.0   ; 0.0      ; 0.0     ; -5.38               ;
;  clk             ; -5.692 ; 0.000 ; N/A      ; N/A     ; -5.380              ;
+------------------+--------+-------+----------+---------+---------------------+


+-----------------------------------------------------------------------+
; Setup Times                                                           ;
+-----------+------------+-------+-------+------------+-----------------+
; Data Port ; Clock Port ; Rise  ; Fall  ; Clock Edge ; Clock Reference ;
+-----------+------------+-------+-------+------------+-----------------+
; A[*]      ; clk        ; 6.576 ; 6.576 ; Rise       ; clk             ;
;  A[0]     ; clk        ; 2.701 ; 2.701 ; Rise       ; clk             ;
;  A[1]     ; clk        ; 6.576 ; 6.576 ; Rise       ; clk             ;
;  A[2]     ; clk        ; 6.404 ; 6.404 ; Rise       ; clk             ;
;  A[3]     ; clk        ; 6.051 ; 6.051 ; Rise       ; clk             ;
; sel0      ; clk        ; 2.448 ; 2.448 ; Rise       ; clk             ;
; sel1      ; clk        ; 4.613 ; 4.613 ; Rise       ; clk             ;
+-----------+------------+-------+-------+------------+-----------------+


+-------------------------------------------------------------------------+
; Hold Times                                                              ;
+-----------+------------+--------+--------+------------+-----------------+
; Data Port ; Clock Port ; Rise   ; Fall   ; Clock Edge ; Clock Reference ;
+-----------+------------+--------+--------+------------+-----------------+
; A[*]      ; clk        ; 0.236  ; 0.236  ; Rise       ; clk             ;
;  A[0]     ; clk        ; 0.236  ; 0.236  ; Rise       ; clk             ;
;  A[1]     ; clk        ; -2.479 ; -2.479 ; Rise       ; clk             ;
;  A[2]     ; clk        ; -2.507 ; -2.507 ; Rise       ; clk             ;
;  A[3]     ; clk        ; -2.384 ; -2.384 ; Rise       ; clk             ;
; sel0      ; clk        ; 0.188  ; 0.188  ; Rise       ; clk             ;
; sel1      ; clk        ; -2.353 ; -2.353 ; Rise       ; clk             ;
+-----------+------------+--------+--------+------------+-----------------+


+--------------------------------------------------------------------------+
; Clock to Output Times                                                    ;
+--------------+------------+-------+-------+------------+-----------------+
; Data Port    ; Clock Port ; Rise  ; Fall  ; Clock Edge ; Clock Reference ;
+--------------+------------+-------+-------+------------+-----------------+
; S[*]         ; clk        ; 8.074 ; 8.074 ; Rise       ; clk             ;
;  S[0]        ; clk        ; 7.512 ; 7.512 ; Rise       ; clk             ;
;  S[1]        ; clk        ; 8.040 ; 8.040 ; Rise       ; clk             ;
;  S[2]        ; clk        ; 8.074 ; 8.074 ; Rise       ; clk             ;
;  S[3]        ; clk        ; 8.021 ; 8.021 ; Rise       ; clk             ;
; somador_cout ; clk        ; 7.649 ; 7.649 ; Rise       ; clk             ;
+--------------+------------+-------+-------+------------+-----------------+


+--------------------------------------------------------------------------+
; Minimum Clock to Output Times                                            ;
+--------------+------------+-------+-------+------------+-----------------+
; Data Port    ; Clock Port ; Rise  ; Fall  ; Clock Edge ; Clock Reference ;
+--------------+------------+-------+-------+------------+-----------------+
; S[*]         ; clk        ; 3.972 ; 3.972 ; Rise       ; clk             ;
;  S[0]        ; clk        ; 3.999 ; 3.999 ; Rise       ; clk             ;
;  S[1]        ; clk        ; 4.047 ; 4.047 ; Rise       ; clk             ;
;  S[2]        ; clk        ; 4.079 ; 4.079 ; Rise       ; clk             ;
;  S[3]        ; clk        ; 3.972 ; 3.972 ; Rise       ; clk             ;
; somador_cout ; clk        ; 4.002 ; 4.002 ; Rise       ; clk             ;
+--------------+------------+-------+-------+------------+-----------------+


+---------------------------------------------------------------+
; Progagation Delay                                             ;
+------------+--------------+--------+--------+--------+--------+
; Input Port ; Output Port  ; RR     ; RF     ; FR     ; FF     ;
+------------+--------------+--------+--------+--------+--------+
; A[0]       ; S[0]         ; 7.552  ; 7.552  ; 7.552  ; 7.552  ;
; A[0]       ; S[1]         ; 8.079  ; 8.079  ; 8.079  ; 8.079  ;
; A[0]       ; S[2]         ; 8.113  ; 8.113  ; 8.113  ; 8.113  ;
; A[0]       ; S[3]         ; 8.060  ; 8.060  ; 8.060  ; 8.060  ;
; A[0]       ; somador_cout ; 7.688  ; 7.688  ; 7.688  ; 7.688  ;
; A[1]       ; S[1]         ; 11.673 ; 11.673 ; 11.673 ; 11.673 ;
; A[1]       ; S[2]         ; 12.022 ; 12.022 ; 12.022 ; 12.022 ;
; A[1]       ; S[3]         ; 11.969 ; 11.969 ; 11.969 ; 11.969 ;
; A[1]       ; somador_cout ; 11.597 ; 11.597 ; 11.597 ; 11.597 ;
; A[2]       ; S[2]         ; 11.535 ; 11.535 ; 11.535 ; 11.535 ;
; A[2]       ; S[3]         ; 11.797 ; 11.797 ; 11.797 ; 11.797 ;
; A[2]       ; somador_cout ; 11.425 ; 11.425 ; 11.425 ; 11.425 ;
; A[3]       ; S[3]         ; 11.444 ; 11.444 ; 11.444 ; 11.444 ;
; A[3]       ; somador_cout ; 11.387 ; 11.387 ; 11.387 ; 11.387 ;
; sel0       ; S[0]         ; 7.246  ; 7.246  ; 7.246  ; 7.246  ;
; sel0       ; S[1]         ; 7.773  ; 7.773  ; 7.773  ; 7.773  ;
; sel0       ; S[2]         ; 7.894  ; 7.894  ; 7.894  ; 7.894  ;
; sel0       ; S[3]         ; 7.841  ; 7.841  ; 7.841  ; 7.841  ;
; sel0       ; somador_cout ; 7.469  ; 7.469  ; 7.469  ; 7.469  ;
; sel1       ; S[0]         ; 10.150 ; 10.150 ; 10.150 ; 10.150 ;
; sel1       ; S[1]         ; 9.888  ; 9.888  ; 9.888  ; 9.888  ;
; sel1       ; S[2]         ; 10.256 ; 10.256 ; 10.256 ; 10.256 ;
; sel1       ; S[3]         ; 10.001 ; 10.001 ; 10.001 ; 10.001 ;
+------------+--------------+--------+--------+--------+--------+


+-----------------------------------------------------------+
; Minimum Progagation Delay                                 ;
+------------+--------------+-------+-------+-------+-------+
; Input Port ; Output Port  ; RR    ; RF    ; FR    ; FF    ;
+------------+--------------+-------+-------+-------+-------+
; A[0]       ; S[0]         ; 2.979 ; 2.979 ; 2.979 ; 2.979 ;
; A[0]       ; S[1]         ; 3.891 ; 3.891 ; 3.891 ; 3.891 ;
; A[0]       ; S[2]         ; 3.958 ; 3.958 ; 3.958 ; 3.958 ;
; A[0]       ; S[3]         ; 3.886 ; 3.886 ; 3.886 ; 3.886 ;
; A[0]       ; somador_cout ; 3.813 ; 3.813 ; 3.813 ; 3.813 ;
; A[1]       ; S[1]         ; 5.624 ; 5.624 ; 5.624 ; 5.624 ;
; A[1]       ; S[2]         ; 6.386 ; 6.386 ; 6.386 ; 6.386 ;
; A[1]       ; S[3]         ; 6.314 ; 6.314 ; 6.314 ; 6.314 ;
; A[1]       ; somador_cout ; 6.241 ; 6.241 ; 6.241 ; 6.241 ;
; A[2]       ; S[2]         ; 5.806 ; 5.806 ; 5.806 ; 5.806 ;
; A[2]       ; S[3]         ; 6.252 ; 6.252 ; 6.252 ; 6.252 ;
; A[2]       ; somador_cout ; 6.179 ; 6.179 ; 6.179 ; 6.179 ;
; A[3]       ; S[3]         ; 5.531 ; 5.531 ; 5.531 ; 5.531 ;
; A[3]       ; somador_cout ; 6.150 ; 6.150 ; 6.150 ; 6.150 ;
; sel0       ; S[0]         ; 3.103 ; 3.103 ; 3.103 ; 3.103 ;
; sel0       ; S[1]         ; 3.109 ; 3.109 ; 3.109 ; 3.109 ;
; sel0       ; S[2]         ; 3.111 ; 3.111 ; 3.111 ; 3.111 ;
; sel0       ; S[3]         ; 3.035 ; 3.035 ; 3.035 ; 3.035 ;
; sel0       ; somador_cout ; 3.414 ; 3.661 ; 3.661 ; 3.414 ;
; sel1       ; S[0]         ; 5.609 ; 5.609 ; 5.609 ; 5.609 ;
; sel1       ; S[1]         ; 5.498 ; 5.498 ; 5.498 ; 5.498 ;
; sel1       ; S[2]         ; 5.695 ; 5.695 ; 5.695 ; 5.695 ;
; sel1       ; S[3]         ; 5.540 ; 5.540 ; 5.540 ; 5.540 ;
+------------+--------------+-------+-------+-------+-------+


+-------------------------------------------------------------------+
; Setup Transfers                                                   ;
+------------+----------+----------+----------+----------+----------+
; From Clock ; To Clock ; RR Paths ; FR Paths ; RF Paths ; FF Paths ;
+------------+----------+----------+----------+----------+----------+
; clk        ; clk      ; 10       ; 0        ; 0        ; 0        ;
+------------+----------+----------+----------+----------+----------+
Entries labeled "false path" only account for clock-to-clock false paths and not path-based false paths. As a result, actual path counts may be lower than reported.


+-------------------------------------------------------------------+
; Hold Transfers                                                    ;
+------------+----------+----------+----------+----------+----------+
; From Clock ; To Clock ; RR Paths ; FR Paths ; RF Paths ; FF Paths ;
+------------+----------+----------+----------+----------+----------+
; clk        ; clk      ; 10       ; 0        ; 0        ; 0        ;
+------------+----------+----------+----------+----------+----------+
Entries labeled "false path" only account for clock-to-clock false paths and not path-based false paths. As a result, actual path counts may be lower than reported.


---------------
; Report TCCS ;
---------------
No dedicated SERDES Transmitter circuitry present in device or used in design


---------------
; Report RSKM ;
---------------
No dedicated SERDES Receiver circuitry present in device or used in design


+------------------------------------------------+
; Unconstrained Paths                            ;
+---------------------------------+-------+------+
; Property                        ; Setup ; Hold ;
+---------------------------------+-------+------+
; Illegal Clocks                  ; 0     ; 0    ;
; Unconstrained Clocks            ; 0     ; 0    ;
; Unconstrained Input Ports       ; 7     ; 7    ;
; Unconstrained Input Port Paths  ; 45    ; 45   ;
; Unconstrained Output Ports      ; 5     ; 5    ;
; Unconstrained Output Port Paths ; 37    ; 37   ;
+---------------------------------+-------+------+


+------------------------------------+
; TimeQuest Timing Analyzer Messages ;
+------------------------------------+
Info: *******************************************************************
Info: Running Quartus II 32-bit TimeQuest Timing Analyzer
    Info: Version 11.1 Build 173 11/01/2011 SJ Web Edition
    Info: Processing started: Wed Apr 18 14:28:37 2018
Info: Command: quartus_sta modelo -c modelo
Info: qsta_default_script.tcl version: #1
Warning (20028): Parallel compilation is not licensed and has been disabled
Critical Warning (332012): Synopsys Design Constraints File file not found: 'modelo.sdc'. A Synopsys Design Constraints File is required by the TimeQuest Timing Analyzer to get proper timing constraints. Without it, the Compiler will not properly optimize the design.
Info (332142): No user constrained base clocks found in the design. Calling "derive_clocks -period 1.0"
Info (332105): Deriving Clocks
    Info (332105): create_clock -period 1.000 -name clk clk
Info: Found TIMEQUEST_REPORT_SCRIPT_INCLUDE_DEFAULT_ANALYSIS = ON
Info: Analyzing Slow Model
Critical Warning (332148): Timing requirements not met
Info (332146): Worst-case setup slack is -1.662
    Info (332119):     Slack End Point TNS Clock 
    Info (332119): ========= ============= =====================
    Info (332119):    -1.662        -5.692 clk 
Info (332146): Worst-case hold slack is 1.737
    Info (332119):     Slack End Point TNS Clock 
    Info (332119): ========= ============= =====================
    Info (332119):     1.737         0.000 clk 
Info (332140): No Recovery paths to report
Info (332140): No Removal paths to report
Info (332146): Worst-case minimum pulse width slack is -1.380
    Info (332119):     Slack End Point TNS Clock 
    Info (332119): ========= ============= =====================
    Info (332119):    -1.380        -5.380 clk 
Info (332001): The selected device family is not supported by the report_metastability command.
Info: Analyzing Fast Model
Info (306004): Started post-fitting delay annotation
Warning (306006): Found 5 output pins without output pin load capacitance assignment
    Info (306007): Pin "S[0]" has no specified output pin load capacitance -- assuming default load capacitance of 0 pF for timing analysis
    Info (306007): Pin "S[1]" has no specified output pin load capacitance -- assuming default load capacitance of 0 pF for timing analysis
    Info (306007): Pin "S[2]" has no specified output pin load capacitance -- assuming default load capacitance of 0 pF for timing analysis
    Info (306007): Pin "S[3]" has no specified output pin load capacitance -- assuming default load capacitance of 0 pF for timing analysis
    Info (306007): Pin "somador_cout" has no specified output pin load capacitance -- assuming default load capacitance of 0 pF for timing analysis
Info (306005): Delay annotation completed successfully
Critical Warning (332148): Timing requirements not met
Info (332146): Worst-case setup slack is -0.166
    Info (332119):     Slack End Point TNS Clock 
    Info (332119): ========= ============= =====================
    Info (332119):    -0.166        -0.404 clk 
Info (332146): Worst-case hold slack is 0.780
    Info (332119):     Slack End Point TNS Clock 
    Info (332119): ========= ============= =====================
    Info (332119):     0.780         0.000 clk 
Info (332140): No Recovery paths to report
Info (332140): No Removal paths to report
Info (332146): Worst-case minimum pulse width slack is -1.380
    Info (332119):     Slack End Point TNS Clock 
    Info (332119): ========= ============= =====================
    Info (332119):    -1.380        -5.380 clk 
Info (332001): The selected device family is not supported by the report_metastability command.
Info (332102): Design is not fully constrained for setup requirements
Info (332102): Design is not fully constrained for hold requirements
Info: Quartus II 32-bit TimeQuest Timing Analyzer was successful. 0 errors, 5 warnings
    Info: Peak virtual memory: 327 megabytes
    Info: Processing ended: Wed Apr 18 14:28:38 2018
    Info: Elapsed time: 00:00:01
    Info: Total CPU time (on all processors): 00:00:01


